
 ==============================
 S N O P T  7.2-12   (Feb 2013)
 ==============================
 
 SNMEMA EXIT 100 -- finished successfully
 SNMEMA INFO 104 -- memory requirements estimated
 
 

 Nonlinear constraints     154     Linear constraints       1
 Nonlinear variables       220     Linear variables         0
 Jacobian  variables       220     Objective variables    220
 Total constraints         155     Total variables        220
 

 
 The user has defined   34100   out of   34100   first  derivatives
 

 Major Minors     Step   nCon Feasible  Optimal  MeritFunction    nS Penalty
     0     55               1  1.9E+00  4.5E-02  0.0000000E+00    47           r
     1      1  7.0E-02      2  1.1E+00  4.5E-02  6.6635750E+02    47 1.2E+02 n rl
     2      1  7.6E-02      4  7.7E-01  4.5E-02  1.8366535E+02    47 2.8E+01 n rl
     3      3  5.9E-01      6  1.1E-01  4.8E-02  3.4192639E+01    49 1.6E+01 n rl
     4      1  1.0E+00      7  9.7E-03  1.0E-02  5.5385431E-01    49 1.4E+01 s
     5      1  1.0E+00      9 (1.3E-05)(1.0E-05)-1.2208548E-05    49 1.4E+01  M
 
 SNOPTA EXIT   0 -- finished successfully
 SNOPTA INFO   1 -- optimality conditions satisfied

 Problem name                 opt prob
 No. of iterations                  62   Objective value      0.0000000000E+00
 No. of major iterations             5   Linear objective     0.0000000000E+00
 Penalty parameter           1.377E+01   Nonlinear objective  0.0000000000E+00
 No. of calls to funobj              9   No. of calls to funcon              9
 No. of superbasics                 49   No. of basic nonlinears           154
 No. of degenerate steps             9   Percentage                      14.52
 Max x                     214 8.2E+00   Max pi                    155 1.0E+00
 Max Primal infeas           0 0.0E+00   Max Dual infeas           150 2.0E-05
 Nonlinear constraint violn    1.5E-04
 
 

 Solution printed on file  18

 ==============================
 S N O P T  7.2-12   (Feb 2013)
 ==============================
 
 SNMEMA EXIT 100 -- finished successfully
 SNMEMA INFO 104 -- memory requirements estimated
 
 

 Nonlinear constraints     154     Linear constraints       1
 Nonlinear variables       220     Linear variables         0
 Jacobian  variables       220     Objective variables    220
 Total constraints         155     Total variables        220
 

 
 The user has defined   34100   out of   34100   first  derivatives
 

 Major Minors     Step   nCon Feasible  Optimal  MeritFunction    nS Penalty
     0     55               1  1.9E+00  4.5E-02  0.0000000E+00    47           r
     1      1  8.5E-02      2  1.1E+00  4.4E-02  3.6626145E+02    47 6.7E+01 n rl
     2      1  9.5E-02      4  7.5E-01  4.4E-02  8.3937153E+01    47 1.3E+01 n rl
     3      3  7.3E-01      6  7.3E-02  4.5E-02  9.8319984E+00    49 1.0E+01 n rl
     4      1  1.0E+00      7  2.2E-03 (8.9E-04) 8.4262813E-02    49 1.0E+01 s
     5      1  1.0E+00      9 (1.1E-06)(2.9E-07)-3.2181963E-08    49 1.0E+01  M
 
 SNOPTA EXIT   0 -- finished successfully
 SNOPTA INFO   1 -- optimality conditions satisfied

 Problem name                 opt prob
 No. of iterations                  62   Objective value      0.0000000000E+00
 No. of major iterations             5   Linear objective     0.0000000000E+00
 Penalty parameter           1.018E+01   Nonlinear objective  0.0000000000E+00
 No. of calls to funobj              9   No. of calls to funcon              9
 No. of superbasics                 49   No. of basic nonlinears           154
 No. of degenerate steps             8   Percentage                      12.90
 Max x                     214 6.7E+00   Max pi                    155 1.0E+00
 Max Primal infeas           0 0.0E+00   Max Dual infeas           171 5.8E-07
 Nonlinear constraint violn    1.2E-05
 
 

 Solution printed on file  18

 ==============================
 S N O P T  7.2-12   (Feb 2013)
 ==============================
 
 SNMEMA EXIT 100 -- finished successfully
 SNMEMA INFO 104 -- memory requirements estimated
 
 

 Nonlinear constraints     154     Linear constraints       1
 Nonlinear variables       220     Linear variables         0
 Jacobian  variables       220     Objective variables    220
 Total constraints         155     Total variables        220
 

 
 The user has defined   34100   out of   34100   first  derivatives
 

 Major Minors     Step   nCon Feasible  Optimal  MeritFunction    nS Penalty
     0     55               1  1.9E+00  4.5E-02  0.0000000E+00    47           r
     1      1  8.5E-02      2  1.1E+00  4.4E-02  3.6626145E+02    47 6.7E+01 n rl
     2      1  9.5E-02      4  7.5E-01  4.4E-02  8.3937153E+01    47 1.3E+01 n rl
     3      3  7.3E-01      6  7.3E-02  4.5E-02  9.8319984E+00    49 1.0E+01 n rl
     4      1  1.0E+00      7  2.2E-03 (8.9E-04) 8.4262813E-02    49 1.0E+01 s
     5      1  1.0E+00      9 (1.1E-06)(2.9E-07)-3.2181963E-08    49 1.0E+01  M
 
 SNOPTA EXIT   0 -- finished successfully
 SNOPTA INFO   1 -- optimality conditions satisfied

 Problem name                 opt prob
 No. of iterations                  62   Objective value      0.0000000000E+00
 No. of major iterations             5   Linear objective     0.0000000000E+00
 Penalty parameter           1.018E+01   Nonlinear objective  0.0000000000E+00
 No. of calls to funobj              9   No. of calls to funcon              9
 No. of superbasics                 49   No. of basic nonlinears           154
 No. of degenerate steps             8   Percentage                      12.90
 Max x                     214 6.7E+00   Max pi                    155 1.0E+00
 Max Primal infeas           0 0.0E+00   Max Dual infeas           171 5.8E-07
 Nonlinear constraint violn    1.2E-05
 
 

 Solution printed on file  18

 ==============================
 S N O P T  7.2-12   (Feb 2013)
 ==============================
 
 SNMEMA EXIT 100 -- finished successfully
 SNMEMA INFO 104 -- memory requirements estimated
 
 

 Nonlinear constraints     154     Linear constraints       1
 Nonlinear variables       220     Linear variables         0
 Jacobian  variables       220     Objective variables    220
 Total constraints         155     Total variables        220
 

 
 The user has defined   34100   out of   34100   first  derivatives
 

 Major Minors     Step   nCon Feasible  Optimal  MeritFunction    nS Penalty
     0     55               1  1.9E+00  4.9E-02  0.0000000E+00    47           r
     1      1  9.3E-02      2  1.1E+00  4.7E-02  2.8228200E+02    47 5.0E+01 n rl
     2      1  1.0E-01      4  7.5E-01  4.7E-02  6.8611360E+01    47 1.0E+01 n rl
     3      3  8.1E-01      6  5.3E-02  4.5E-02  2.8448656E+00    49 1.0E+01 n rl
     4      1  1.0E+00      7  1.4E-03 (5.6E-04) 8.7409188E-02    49 1.0E+01 s
     5      1  1.0E+00      8 (7.2E-07)(2.4E-10) 3.8344562E-08    49 1.0E+01 s
 
 SNOPTA EXIT   0 -- finished successfully
 SNOPTA INFO   1 -- optimality conditions satisfied

 Problem name                 opt prob
 No. of iterations                  62   Objective value      0.0000000000E+00
 No. of major iterations             5   Linear objective     0.0000000000E+00
 Penalty parameter           1.038E+01   Nonlinear objective  0.0000000000E+00
 No. of calls to funobj              8   No. of calls to funcon              8
 No. of superbasics                 49   No. of basic nonlinears           154
 No. of degenerate steps            11   Percentage                      17.74
 Max x                     214 4.8E+00   Max pi                    155 1.0E+00
 Max Primal infeas           0 0.0E+00   Max Dual infeas             4 4.7E-10
 Nonlinear constraint violn    6.6E-06
 
 

 Solution printed on file  18

 ==============================
 S N O P T  7.2-12   (Feb 2013)
 ==============================
 
 SNMEMA EXIT 100 -- finished successfully
 SNMEMA INFO 104 -- memory requirements estimated
 
 

 Nonlinear constraints     154     Linear constraints       1
 Nonlinear variables       220     Linear variables         0
 Jacobian  variables       220     Objective variables    220
 Total constraints         155     Total variables        220
 

 
 The user has defined   34100   out of   34100   first  derivatives
 

 Major Minors     Step   nCon Feasible  Optimal  MeritFunction    nS Penalty
     0     55               1  1.9E+00  4.8E-02  0.0000000E+00    47           r
     1      1  9.5E-02      2  1.1E+00  4.6E-02  2.9194431E+02    47 4.8E+01 n rl
     2      1  1.1E-01      4  7.4E-01  4.6E-02  7.4573602E+01    47 1.1E+01 n rl
     3      3  8.3E-01      6  4.7E-02  3.0E-02  2.7032492E+00    49 1.1E+01 n rl
     4      1  1.0E+00      7  1.3E-03 (3.6E-04) 5.8907915E-02    49 1.1E+01 s
     5      2  1.0E+00      8 (5.6E-07)(1.9E-11) 1.0086678E-08    49 1.1E+01 s
 
 SNOPTA EXIT   0 -- finished successfully
 SNOPTA INFO   1 -- optimality conditions satisfied

 Problem name                 opt prob
 No. of iterations                  63   Objective value      0.0000000000E+00
 No. of major iterations             5   Linear objective     0.0000000000E+00
 Penalty parameter           1.121E+01   Nonlinear objective  0.0000000000E+00
 No. of calls to funobj              8   No. of calls to funcon              8
 No. of superbasics                 49   No. of basic nonlinears           154
 No. of degenerate steps             9   Percentage                      14.29
 Max x                     214 5.4E+00   Max pi                    155 1.0E+00
 Max Primal infeas           0 0.0E+00   Max Dual infeas             4 3.8E-11
 Nonlinear constraint violn    5.1E-06
 
 

 Solution printed on file  18
 
 Time for MPS input                              .00 seconds
 Time for solving problem                       2.00 seconds
 Time for solution output                        .00 seconds
 Time for constraint functions         ************* seconds
 Time for objective function                     .00 seconds

 ==============================
 S N O P T  7.2-12   (Feb 2013)
 ==============================
 
 SNMEMA EXIT 100 -- finished successfully
 SNMEMA INFO 104 -- memory requirements estimated
 
 

 Nonlinear constraints     154     Linear constraints       1
 Nonlinear variables       220     Linear variables         0
 Jacobian  variables       220     Objective variables    220
 Total constraints         155     Total variables        220
 

 
 The user has defined   34100   out of   34100   first  derivatives
 

 Major Minors     Step   nCon Feasible  Optimal  MeritFunction    nS Penalty
     0     55               1  1.6E+00  5.8E-02  0.0000000E+00    47           r
     1      1  9.5E-02      2  9.8E-01  5.7E-02  3.0128795E+02    47 6.3E+01 n rl
     2      1  1.1E-01      4  6.5E-01  5.6E-02  7.0610239E+01    47 1.2E+01 n rl
     3      3  8.3E-01      6  4.0E-02  6.9E-02 -1.1104113E+00    49 1.2E+01 n rl
     4      1  1.2E+00      9  1.0E-02  1.1E-02 -2.9054209E-01    49 4.5E+01 s
     5      1  1.0E+00     10 (8.8E-05)(2.1E-05) 4.3057530E-05    49 1.1E+02
 
 SNOPTA EXIT   0 -- finished successfully
 SNOPTA INFO   1 -- optimality conditions satisfied

 Problem name                 opt prob
 No. of iterations                  62   Objective value      0.0000000000E+00
 No. of major iterations             5   Linear objective     0.0000000000E+00
 Penalty parameter           1.073E+02   Nonlinear objective  0.0000000000E+00
 No. of calls to funobj             10   No. of calls to funcon             10
 No. of superbasics                 49   No. of basic nonlinears           154
 No. of degenerate steps             9   Percentage                      14.52
 Max x                     214 3.9E+00   Max pi                    155 1.0E+00
 Max Primal infeas           0 0.0E+00   Max Dual infeas           214 4.2E-05
 Nonlinear constraint violn    7.4E-04
 
 

 Solution printed on file  18

 ==============================
 S N O P T  7.2-12   (Feb 2013)
 ==============================
 
 SNMEMA EXIT 100 -- finished successfully
 SNMEMA INFO 104 -- memory requirements estimated
 
 

 Nonlinear constraints     154     Linear constraints       1
 Nonlinear variables       220     Linear variables         0
 Jacobian  variables       220     Objective variables    220
 Total constraints         155     Total variables        220
 

 
 The user has defined   34100   out of   34100   first  derivatives
 

 Major Minors     Step   nCon Feasible  Optimal  MeritFunction    nS Penalty
     0     55               1  1.6E+00  5.5E-02  0.0000000E+00    47           r
     1      1  9.5E-02      2  9.8E-01  5.2E-02  3.0739181E+02    47 6.6E+01 n rl
     2      1  1.1E-01      4  6.5E-01  5.3E-02  7.1042619E+01    47 1.2E+01 n rl
     3      3  8.4E-01      6  3.9E-02  7.1E-02 -2.4052160E+00    49 1.2E+01 n rl
     4      1  1.6E+00      9  2.6E-02  2.8E-02  1.4568652E-02    49 7.0E+01 s
     5      1  1.0E+00     10 (6.5E-04)(1.4E-04) 7.2628862E-04    49 7.3E+01
 
 SNOPTA EXIT   0 -- finished successfully
 SNOPTA INFO   1 -- optimality conditions satisfied

 Problem name                 opt prob
 No. of iterations                  62   Objective value      0.0000000000E+00
 No. of major iterations             5   Linear objective     0.0000000000E+00
 Penalty parameter           7.332E+01   Nonlinear objective  0.0000000000E+00
 No. of calls to funobj             10   No. of calls to funcon             10
 No. of superbasics                 49   No. of basic nonlinears           154
 No. of degenerate steps             9   Percentage                      14.52
 Max x                     214 3.7E+00   Max pi                    155 1.0E+00
 Max Primal infeas           0 0.0E+00   Max Dual infeas           214 2.8E-04
 Nonlinear constraint violn    5.2E-03
 
 

 Solution printed on file  18
 
 Time for MPS input                              .00 seconds
 Time for solving problem                        .00 seconds
 Time for solution output                        .00 seconds
 Time for constraint functions                   .00 seconds
 Time for objective function                     .00 seconds

 ==============================
 S N O P T  7.2-12   (Feb 2013)
 ==============================
 
 SNMEMA EXIT 100 -- finished successfully
 SNMEMA INFO 104 -- memory requirements estimated
 
 

 Nonlinear constraints     154     Linear constraints       1
 Nonlinear variables       220     Linear variables         0
 Jacobian  variables       220     Objective variables    220
 Total constraints         155     Total variables        220
 

 
 The user has defined   34100   out of   34100   first  derivatives
 

 Major Minors     Step   nCon Feasible  Optimal  MeritFunction    nS Penalty
     0     55               1  1.6E+00  5.5E-02  0.0000000E+00    47           r
     1      1  9.5E-02      2  9.8E-01  5.2E-02  3.0739181E+02    47 6.6E+01 n rl
     2      1  1.1E-01      4  6.5E-01  5.3E-02  7.1042619E+01    47 1.2E+01 n rl
     3      3  8.4E-01      6  3.9E-02  7.1E-02 -2.4052160E+00    49 1.2E+01 n rl
     4      1  1.6E+00      9  2.6E-02  2.8E-02  1.4568652E-02    49 7.0E+01 s
     5      1  1.0E+00     10 (6.5E-04)(1.4E-04) 7.2628862E-04    49 7.3E+01
 
 SNOPTA EXIT   0 -- finished successfully
 SNOPTA INFO   1 -- optimality conditions satisfied

 Problem name                 opt prob
 No. of iterations                  62   Objective value      0.0000000000E+00
 No. of major iterations             5   Linear objective     0.0000000000E+00
 Penalty parameter           7.332E+01   Nonlinear objective  0.0000000000E+00
 No. of calls to funobj             10   No. of calls to funcon             10
 No. of superbasics                 49   No. of basic nonlinears           154
 No. of degenerate steps             9   Percentage                      14.52
 Max x                     214 3.7E+00   Max pi                    155 1.0E+00
 Max Primal infeas           0 0.0E+00   Max Dual infeas           214 2.8E-04
 Nonlinear constraint violn    5.2E-03
 
 

 Solution printed on file  18
 
 Time for MPS input                              .00 seconds
 Time for solving problem                       4.00 seconds
 Time for solution output                      -4.00 seconds
 Time for constraint functions                  2.00 seconds
 Time for objective function                     .00 seconds

 ==============================
 S N O P T  7.2-12   (Feb 2013)
 ==============================
 
 SNMEMA EXIT 100 -- finished successfully
 SNMEMA INFO 104 -- memory requirements estimated
 
 

 Nonlinear constraints     154     Linear constraints       1
 Nonlinear variables       220     Linear variables         0
 Jacobian  variables       220     Objective variables    220
 Total constraints         155     Total variables        220
 

 
 The user has defined   34100   out of   34100   first  derivatives
 

 Major Minors     Step   nCon Feasible  Optimal  MeritFunction    nS Penalty
     0     55               1  1.6E+00  5.5E-02  0.0000000E+00    47           r
     1      1  9.5E-02      2  9.8E-01  5.2E-02  3.0739181E+02    47 6.6E+01 n rl
     2      1  1.1E-01      4  6.5E-01  5.3E-02  7.1042619E+01    47 1.2E+01 n rl
     3      3  8.4E-01      6  3.9E-02  7.1E-02 -2.4052160E+00    49 1.2E+01 n rl
     4      1  1.6E+00      9  2.6E-02  2.8E-02  1.4568652E-02    49 7.0E+01 s
     5      1  1.0E+00     10 (6.5E-04)(1.4E-04) 7.2628862E-04    49 7.3E+01
 
 SNOPTA EXIT   0 -- finished successfully
 SNOPTA INFO   1 -- optimality conditions satisfied

 Problem name                 opt prob
 No. of iterations                  62   Objective value      0.0000000000E+00
 No. of major iterations             5   Linear objective     0.0000000000E+00
 Penalty parameter           7.332E+01   Nonlinear objective  0.0000000000E+00
 No. of calls to funobj             10   No. of calls to funcon             10
 No. of superbasics                 49   No. of basic nonlinears           154
 No. of degenerate steps             9   Percentage                      14.52
 Max x                     214 3.7E+00   Max pi                    155 1.0E+00
 Max Primal infeas           0 0.0E+00   Max Dual infeas           214 2.8E-04
 Nonlinear constraint violn    5.2E-03
 
 

 Solution printed on file  18
 
 Time for MPS input                              .00 seconds
 Time for solving problem                        .00 seconds
 Time for solution output                        .00 seconds
 Time for constraint functions         ************* seconds
 Time for objective function                     .00 seconds

 ==============================
 S N O P T  7.2-12   (Feb 2013)
 ==============================
 
 SNMEMA EXIT 100 -- finished successfully
 SNMEMA INFO 104 -- memory requirements estimated
 
 

 Nonlinear constraints      14     Linear constraints       1
 Nonlinear variables        15     Linear variables         0
 Jacobian  variables        15     Objective variables     15
 Total constraints          15     Total variables         15
 

 
 The user has defined     225   out of     225   first  derivatives
 

 Major Minors     Step   nCon Feasible  Optimal  MeritFunction    nS Penalty
     0      2               1  6.7E-02  6.2E-02  0.0000000E+00                 r
     1      0  1.0E+00      2  1.6E-03  6.1E-03 -6.5460013E-03       1.1E+02 n r
     2      0  1.0E+00      3  1.8E-06 (9.4E-09) 2.9232036E-07       7.2E+02 s
     3      0  1.0E+00      4 (3.3E-12)(0.0E+00)-9.3113871E-19       3.2E+01 n
 
 SNOPTA EXIT   0 -- finished successfully
 SNOPTA INFO   1 -- optimality conditions satisfied

 Problem name                 opt prob
 No. of iterations                   2   Objective value      0.0000000000E+00
 No. of major iterations             3   Linear objective     0.0000000000E+00
 Penalty parameter           3.158E+01   Nonlinear objective  0.0000000000E+00
 No. of calls to funobj              4   No. of calls to funcon              4
 No. of degenerate steps             0   Percentage                        .00
 Max x                       4 2.7E+00   Max pi                     15 1.0E+00
 Max Primal infeas           0 0.0E+00   Max Dual infeas             0 0.0E+00
 Nonlinear constraint violn    9.0E-12
 
 

 Solution printed on file  18
 
 Time for MPS input                              .00 seconds
 Time for solving problem                        .00 seconds
 Time for solution output                        .00 seconds
 Time for constraint functions                   .00 seconds
 Time for objective function                     .00 seconds

 ==============================
 S N O P T  7.2-12   (Feb 2013)
 ==============================
 
 SNMEMA EXIT 100 -- finished successfully
 SNMEMA INFO 104 -- memory requirements estimated
 
 

 Nonlinear constraints      14     Linear constraints       1
 Nonlinear variables        15     Linear variables         0
 Jacobian  variables        15     Objective variables     15
 Total constraints          15     Total variables         15
 

 
 The user has defined     225   out of     225   first  derivatives
 

 Major Minors     Step   nCon Feasible  Optimal  MeritFunction    nS Penalty
     0      4               1  6.7E-02  5.0E-02  0.0000000E+00                 r
     1      0  7.5E-01      2  1.4E-02  4.1E-02  1.8594407E+00       3.1E+02 n rl
     2      0  1.0E+00      3  8.4E-05 (1.3E-04) 3.2374551E-03       2.2E+01 s
     3      0  1.0E+00      4 (2.8E-08)(4.4E-12) 9.9553863E-11       1.2E+01 s
 
 SNOPTA EXIT   0 -- finished successfully
 SNOPTA INFO   1 -- optimality conditions satisfied

 Problem name                 opt prob
 No. of iterations                   4   Objective value      0.0000000000E+00
 No. of major iterations             3   Linear objective     0.0000000000E+00
 Penalty parameter           1.197E+01   Nonlinear objective  0.0000000000E+00
 No. of calls to funobj              4   No. of calls to funcon              4
 No. of degenerate steps             0   Percentage                        .00
 Max x                      11 2.7E+00   Max pi                     15 1.0E+00
 Max Primal infeas           0 0.0E+00   Max Dual infeas             2 8.7E-12
 Nonlinear constraint violn    1.0E-07
 
 

 Solution printed on file  18
 
 Time for MPS input                              .00 seconds
 Time for solving problem                        .00 seconds
 Time for solution output                        .00 seconds
 Time for constraint functions                   .00 seconds
 Time for objective function                     .00 seconds

 ==============================
 S N O P T  7.2-12   (Feb 2013)
 ==============================
 
 SNMEMA EXIT 100 -- finished successfully
 SNMEMA INFO 104 -- memory requirements estimated
 
 

 Nonlinear constraints      14     Linear constraints       1
 Nonlinear variables        15     Linear variables         0
 Jacobian  variables        15     Objective variables     15
 Total constraints          15     Total variables         15
 

 
 The user has defined     225   out of     225   first  derivatives
 

 Major Minors     Step   nCon Feasible  Optimal  MeritFunction    nS Penalty
     0      4               1  7.3E-02  4.2E-02  0.0000000E+00                 r
     1      0  1.0E+00      2  9.4E-04  3.4E-03 -2.7527690E-02       1.0E+01 n r
     2      0  1.0E+00      3  1.8E-06 (9.4E-08) 1.4855795E-07       4.2E+03 s
     3      0  1.0E+00      4 (2.2E-12)(0.0E+00) 8.1901082E-20       6.9E+01 n
 
 SNOPTA EXIT   0 -- finished successfully
 SNOPTA INFO   1 -- optimality conditions satisfied

 Problem name                 opt prob
 No. of iterations                   4   Objective value      0.0000000000E+00
 No. of major iterations             3   Linear objective     0.0000000000E+00
 Penalty parameter           6.934E+01   Nonlinear objective  0.0000000000E+00
 No. of calls to funobj              4   No. of calls to funcon              4
 No. of degenerate steps             0   Percentage                        .00
 Max x                      11 3.2E+00   Max pi                     15 1.0E+00
 Max Primal infeas           0 0.0E+00   Max Dual infeas             0 0.0E+00
 Nonlinear constraint violn    8.6E-12
 
 

 Solution printed on file  18
 
 Time for MPS input                              .00 seconds
 Time for solving problem              ************* seconds
 Time for solution output                        .00 seconds
 Time for constraint functions         ************* seconds
 Time for objective function                     .00 seconds

 ==============================
 S N O P T  7.2-12   (Feb 2013)
 ==============================
 
 SNMEMA EXIT 100 -- finished successfully
 SNMEMA INFO 104 -- memory requirements estimated
 
 

 Nonlinear constraints      14     Linear constraints       1
 Nonlinear variables        15     Linear variables         0
 Jacobian  variables        15     Objective variables     15
 Total constraints          15     Total variables         15
 

 
 The user has defined     225   out of     225   first  derivatives
 

 Major Minors     Step   nCon Feasible  Optimal  MeritFunction    nS Penalty
     0      4               1  8.3E-02  3.4E-02  0.0000000E+00                 r
     1      0  1.0E+00      2  1.4E-03  1.3E-02 -9.0015146E-02       1.4E+01 n r
     2      0  1.0E+00      3  2.9E-06 (1.9E-05)-9.1256250E-07       5.4E+03 n r
     3      0  1.0E+00     12 (8.0E-09)(1.5E-11)-7.2971409E-12       1.4E+04 n r
 
 SNOPTA EXIT   0 -- finished successfully
 SNOPTA INFO   1 -- optimality conditions satisfied

 Problem name                 opt prob
 No. of iterations                   4   Objective value      0.0000000000E+00
 No. of major iterations             3   Linear objective     0.0000000000E+00
 Penalty parameter           1.383E+04   Nonlinear objective  0.0000000000E+00
 No. of calls to funobj             12   No. of calls to funcon             12
 No. of degenerate steps             0   Percentage                        .00
 Max x                      11 3.9E+00   Max pi                     15 1.0E+00
 Max Primal infeas           0 0.0E+00   Max Dual infeas            13 3.0E-11
 Nonlinear constraint violn    3.4E-08
 
 

 Solution printed on file  18

 ==============================
 S N O P T  7.2-12   (Feb 2013)
 ==============================
 
 SNMEMA EXIT 100 -- finished successfully
 SNMEMA INFO 104 -- memory requirements estimated
 
 

 Nonlinear constraints      14     Linear constraints       1
 Nonlinear variables        15     Linear variables         0
 Jacobian  variables        15     Objective variables     15
 Total constraints          15     Total variables         15
 

 
 The user has defined     225   out of     225   first  derivatives
 

 Major Minors     Step   nCon Feasible  Optimal  MeritFunction    nS Penalty
     0      4               1  9.2E-02  2.8E-02  0.0000000E+00                 r
     1      0  1.0E+00      2  1.4E-03  2.6E-02 -3.2588052E-01       1.8E+01 n r
     2      0  1.0E+00      3  5.0E-06 (3.0E-06) 3.2976566E-05       1.3E+04 s
     3      0  1.0E+00      4 (6.5E-11)(1.1E-12) 2.8300392E-16       1.4E+02 n
 
 SNOPTA EXIT   0 -- finished successfully
 SNOPTA INFO   1 -- optimality conditions satisfied

 Problem name                 opt prob
 No. of iterations                   4   Objective value      0.0000000000E+00
 No. of major iterations             3   Linear objective     0.0000000000E+00
 Penalty parameter           1.400E+02   Nonlinear objective  0.0000000000E+00
 No. of calls to funobj              4   No. of calls to funcon              4
 No. of degenerate steps             0   Percentage                        .00
 Max x                      11 4.7E+00   Max pi                     15 1.0E+00
 Max Primal infeas           0 0.0E+00   Max Dual infeas            14 2.1E-12
 Nonlinear constraint violn    3.0E-10
 
 

 Solution printed on file  18
 
 Time for MPS input                              .00 seconds
 Time for solving problem                        .00 seconds
 Time for solution output                        .00 seconds
 Time for constraint functions                   .00 seconds
 Time for objective function                     .00 seconds

 ==============================
 S N O P T  7.2-12   (Feb 2013)
 ==============================
 
 SNMEMA EXIT 100 -- finished successfully
 SNMEMA INFO 104 -- memory requirements estimated
 
 

 Nonlinear constraints      14     Linear constraints       1
 Nonlinear variables        15     Linear variables         0
 Jacobian  variables        15     Objective variables     15
 Total constraints          15     Total variables         15
 

 
 The user has defined     225   out of     225   first  derivatives
 

 Major Minors     Step   nCon Feasible  Optimal  MeritFunction    nS Penalty
     0      4               1  1.0E-01  2.2E-02  0.0000000E+00                 r
     1      0  1.0E+00      2  2.2E-03  2.6E-02 -4.1082363E-01       8.2E+00 n r
     2      0  1.0E+00      3  5.0E-05 (9.5E-05) 6.0676537E-04       7.4E+03 s
     3      0  1.0E+00      4 (1.3E-08)(4.6E-12) 1.7747131E-11       9.6E+01 s
 
 SNOPTA EXIT   0 -- finished successfully
 SNOPTA INFO   1 -- optimality conditions satisfied

 Problem name                 opt prob
 No. of iterations                   4   Objective value      0.0000000000E+00
 No. of major iterations             3   Linear objective     0.0000000000E+00
 Penalty parameter           9.587E+01   Nonlinear objective  0.0000000000E+00
 No. of calls to funobj              4   No. of calls to funcon              4
 No. of degenerate steps             0   Percentage                        .00
 Max x                      11 5.1E+00   Max pi                     15 1.0E+00
 Max Primal infeas           0 0.0E+00   Max Dual infeas             4 9.3E-12
 Nonlinear constraint violn    6.6E-08
 
 

 Solution printed on file  18

 ==============================
 S N O P T  7.2-12   (Feb 2013)
 ==============================
 
 SNMEMA EXIT 100 -- finished successfully
 SNMEMA INFO 104 -- memory requirements estimated
 
 

 Nonlinear constraints      14     Linear constraints       1
 Nonlinear variables        15     Linear variables         0
 Jacobian  variables        15     Objective variables     15
 Total constraints          15     Total variables         15
 

 
 The user has defined     225   out of     225   first  derivatives
 

 Major Minors     Step   nCon Feasible  Optimal  MeritFunction    nS Penalty
     0      4               1  1.0E-01  3.3E-02  0.0000000E+00                 r
     1      0  1.0E+00      2  2.1E-03  8.2E-03  3.6692296E-02       3.7E+00 n r
     2      0  1.0E+00      3  1.5E-05 (1.0E-05) 2.4327651E-05       3.7E+00 s
     3      0  1.0E+00      4 (1.5E-09)(7.6E-10) 3.6868405E-13       3.7E+00 n
 
 SNOPTA EXIT   0 -- finished successfully
 SNOPTA INFO   1 -- optimality conditions satisfied

 Problem name                 opt prob
 No. of iterations                   4   Objective value      0.0000000000E+00
 No. of major iterations             3   Linear objective     0.0000000000E+00
 Penalty parameter           3.667E+00   Nonlinear objective  0.0000000000E+00
 No. of calls to funobj              4   No. of calls to funcon              4
 No. of degenerate steps             0   Percentage                        .00
 Max x                      11 4.5E+00   Max pi                     15 1.0E+00
 Max Primal infeas           0 0.0E+00   Max Dual infeas             3 1.5E-09
 Nonlinear constraint violn    6.8E-09
 
 

 Solution printed on file  18
 
 Time for MPS input                              .00 seconds
 Time for solving problem                        .00 seconds
 Time for solution output                        .00 seconds
 Time for constraint functions                   .00 seconds
 Time for objective function                     .00 seconds

 ==============================
 S N O P T  7.2-12   (Feb 2013)
 ==============================
 
 SNMEMA EXIT 100 -- finished successfully
 SNMEMA INFO 104 -- memory requirements estimated
 
 

 Nonlinear constraints      14     Linear constraints       1
 Nonlinear variables        15     Linear variables         0
 Jacobian  variables        15     Objective variables     15
 Total constraints          15     Total variables         15
 

 
 The user has defined     225   out of     225   first  derivatives
 

 Major Minors     Step   nCon Feasible  Optimal  MeritFunction    nS Penalty
     0      5               1  9.5E-02  3.2E-02  0.0000000E+00                 r
     1      0  1.0E+00      2  2.5E-03  1.5E-02 -7.2291700E-02       1.9E+01 n r
     2      0  1.0E+00      3  3.0E-06 (8.8E-07) 1.8167803E-07       1.4E+03 s
     3      0  1.0E+00      4 (6.5E-12)(6.9E-12)-2.7582196E-17       4.4E+01 n
 
 SNOPTA EXIT   0 -- finished successfully
 SNOPTA INFO   1 -- optimality conditions satisfied

 Problem name                 opt prob
 No. of iterations                   5   Objective value      0.0000000000E+00
 No. of major iterations             3   Linear objective     0.0000000000E+00
 Penalty parameter           4.360E+01   Nonlinear objective  0.0000000000E+00
 No. of calls to funobj              4   No. of calls to funcon              4
 No. of degenerate steps             0   Percentage                        .00
 Max x                      11 3.1E+00   Max pi                     15 1.0E+00
 Max Primal infeas           0 0.0E+00   Max Dual infeas             4 1.4E-11
 Nonlinear constraint violn    2.7E-11
 
 

 Solution printed on file  18

 ==============================
 S N O P T  7.2-12   (Feb 2013)
 ==============================
 
 SNMEMA EXIT 100 -- finished successfully
 SNMEMA INFO 104 -- memory requirements estimated
 
 

 Nonlinear constraints      14     Linear constraints       1
 Nonlinear variables        15     Linear variables         0
 Jacobian  variables        15     Objective variables     15
 Total constraints          15     Total variables         15
 

 
 The user has defined     225   out of     225   first  derivatives
 

 Major Minors     Step   nCon Feasible  Optimal  MeritFunction    nS Penalty
     0      5               1  7.7E-02  3.3E-02  0.0000000E+00                 r
     1      0  9.5E-01      2  4.8E-03  1.9E-02  1.8948920E-01       4.9E+01 n rl
     2      0  1.0E+00      3  9.9E-05 (4.7E-05)-6.6182422E-05       8.5E+00 sm
     3      0  1.0E+00      4 (1.4E-08)(1.1E-11) 5.0778138E-11       1.2E+03 s
 
 SNOPTA EXIT   0 -- finished successfully
 SNOPTA INFO   1 -- optimality conditions satisfied

 Problem name                 opt prob
 No. of iterations                   5   Objective value      0.0000000000E+00
 No. of major iterations             3   Linear objective     0.0000000000E+00
 Penalty parameter           1.213E+03   Nonlinear objective  0.0000000000E+00
 No. of calls to funobj              4   No. of calls to funcon              4
 No. of degenerate steps             0   Percentage                        .00
 Max x                       2 2.6E+00   Max pi                     15 1.0E+00
 Max Primal infeas           0 0.0E+00   Max Dual infeas             4 2.3E-11
 Nonlinear constraint violn    4.8E-08
 
 

 Solution printed on file  18

 ==============================
 S N O P T  7.2-12   (Feb 2013)
 ==============================
 
 SNMEMA EXIT 100 -- finished successfully
 SNMEMA INFO 104 -- memory requirements estimated
 
 

 Nonlinear constraints      14     Linear constraints       1
 Nonlinear variables        15     Linear variables         0
 Jacobian  variables        15     Objective variables     15
 Total constraints          15     Total variables         15
 

 
 The user has defined     225   out of     225   first  derivatives
 

 Major Minors     Step   nCon Feasible  Optimal  MeritFunction    nS Penalty
     0      4               1  5.2E-02  3.2E-02  0.0000000E+00                 r
     1      0  6.6E-01      2  2.2E-02  2.9E-02  2.8094943E+00       3.0E+02 n rl
     2      0  1.0E+00      3  4.2E-04 (3.3E-04) 7.4692573E-03       2.3E+01 s
     3      0  1.0E+00      4 (5.1E-07)(7.7E-08)-1.7385183E-09       9.5E+00  m
 
 SNOPTA EXIT   0 -- finished successfully
 SNOPTA INFO   1 -- optimality conditions satisfied

 Problem name                 opt prob
 No. of iterations                   4   Objective value      0.0000000000E+00
 No. of major iterations             3   Linear objective     0.0000000000E+00
 Penalty parameter           9.479E+00   Nonlinear objective  0.0000000000E+00
 No. of calls to funobj              4   No. of calls to funcon              4
 No. of degenerate steps             0   Percentage                        .00
 Max x                       2 2.6E+00   Max pi                     15 1.0E+00
 Max Primal infeas           0 0.0E+00   Max Dual infeas             3 1.5E-07
 Nonlinear constraint violn    1.4E-06
 
 

 Solution printed on file  18
 
 Time for MPS input                              .00 seconds
 Time for solving problem                        .00 seconds
 Time for solution output                        .00 seconds
 Time for constraint functions                   .00 seconds
 Time for objective function                     .00 seconds
